<?xml version="1.0" encoding="UTF-8"?>
<testsuites>
  <testsuite name="C:\wamp64\www\elbrahmsLaravelPackages\packages\elbrahms\niger-location\phpunit.xml" tests="28" assertions="48" errors="0" failures="0" skipped="0" time="23.408598">
    <testsuite name="Niger Location Test Suite" tests="28" assertions="48" errors="0" failures="0" skipped="0" time="23.408598">
      <testsuite name="Elbrahms\NigerLocation\Tests\ForeignKeyTest" file="C:\wamp64\www\elbrahmsLaravelPackages\packages\elbrahms\niger-location\tests\ForeignKeyTest.php" tests="8" assertions="8" errors="0" failures="0" skipped="0" time="6.406751">
        <testcase name="it_validates_foreign_key_constraint_on_region_country_id" file="C:\wamp64\www\elbrahmsLaravelPackages\packages\elbrahms\niger-location\tests\ForeignKeyTest.php" line="19" class="Elbrahms\NigerLocation\Tests\ForeignKeyTest" classname="Elbrahms.NigerLocation.Tests.ForeignKeyTest" assertions="1" time="4.472279"/>
        <testcase name="it_validates_foreign_key_constraint_on_departement_region_id" file="C:\wamp64\www\elbrahmsLaravelPackages\packages\elbrahms\niger-location\tests\ForeignKeyTest.php" line="27" class="Elbrahms\NigerLocation\Tests\ForeignKeyTest" classname="Elbrahms.NigerLocation.Tests.ForeignKeyTest" assertions="1" time="0.257465"/>
        <testcase name="it_validates_foreign_key_constraint_on_commune_departement_id" file="C:\wamp64\www\elbrahmsLaravelPackages\packages\elbrahms\niger-location\tests\ForeignKeyTest.php" line="35" class="Elbrahms\NigerLocation\Tests\ForeignKeyTest" classname="Elbrahms.NigerLocation.Tests.ForeignKeyTest" assertions="1" time="0.241586"/>
        <testcase name="it_validates_foreign_key_constraint_on_localite_commune_id" file="C:\wamp64\www\elbrahmsLaravelPackages\packages\elbrahms\niger-location\tests\ForeignKeyTest.php" line="43" class="Elbrahms\NigerLocation\Tests\ForeignKeyTest" classname="Elbrahms.NigerLocation.Tests.ForeignKeyTest" assertions="1" time="0.342493"/>
        <testcase name="it_allows_creating_a_region_with_valid_country_id" file="C:\wamp64\www\elbrahmsLaravelPackages\packages\elbrahms\niger-location\tests\ForeignKeyTest.php" line="51" class="Elbrahms\NigerLocation\Tests\ForeignKeyTest" classname="Elbrahms.NigerLocation.Tests.ForeignKeyTest" assertions="1" time="0.369809"/>
        <testcase name="it_allows_creating_a_departement_with_valid_region_id" file="C:\wamp64\www\elbrahmsLaravelPackages\packages\elbrahms\niger-location\tests\ForeignKeyTest.php" line="61" class="Elbrahms\NigerLocation\Tests\ForeignKeyTest" classname="Elbrahms.NigerLocation.Tests.ForeignKeyTest" assertions="1" time="0.260136"/>
        <testcase name="it_allows_creating_a_commune_with_valid_departement_id" file="C:\wamp64\www\elbrahmsLaravelPackages\packages\elbrahms\niger-location\tests\ForeignKeyTest.php" line="71" class="Elbrahms\NigerLocation\Tests\ForeignKeyTest" classname="Elbrahms.NigerLocation.Tests.ForeignKeyTest" assertions="1" time="0.227135"/>
        <testcase name="it_allows_creating_a_localite_with_valid_commune_id" file="C:\wamp64\www\elbrahmsLaravelPackages\packages\elbrahms\niger-location\tests\ForeignKeyTest.php" line="81" class="Elbrahms\NigerLocation\Tests\ForeignKeyTest" classname="Elbrahms.NigerLocation.Tests.ForeignKeyTest" assertions="1" time="0.235849"/>
      </testsuite>
      <testsuite name="Elbrahms\NigerLocation\Tests\LocationRouteTest" file="C:\wamp64\www\elbrahmsLaravelPackages\packages\elbrahms\niger-location\tests\LocationRouteTest.php" tests="20" assertions="40" errors="0" failures="0" skipped="0" time="17.001847">
        <testcase name="it_can_access_all_countries" file="C:\wamp64\www\elbrahmsLaravelPackages\packages\elbrahms\niger-location\tests\LocationRouteTest.php" line="30" class="Elbrahms\NigerLocation\Tests\LocationRouteTest" classname="Elbrahms.NigerLocation.Tests.LocationRouteTest" assertions="2" time="2.805464"/>
        <testcase name="it_can_access_a_country_by_id" file="C:\wamp64\www\elbrahmsLaravelPackages\packages\elbrahms\niger-location\tests\LocationRouteTest.php" line="41" class="Elbrahms\NigerLocation\Tests\LocationRouteTest" classname="Elbrahms.NigerLocation.Tests.LocationRouteTest" assertions="2" time="0.756160"/>
        <testcase name="it_can_access_all_regions" file="C:\wamp64\www\elbrahmsLaravelPackages\packages\elbrahms\niger-location\tests\LocationRouteTest.php" line="52" class="Elbrahms\NigerLocation\Tests\LocationRouteTest" classname="Elbrahms.NigerLocation.Tests.LocationRouteTest" assertions="2" time="0.733692"/>
        <testcase name="it_can_access_a_region_by_id" file="C:\wamp64\www\elbrahmsLaravelPackages\packages\elbrahms\niger-location\tests\LocationRouteTest.php" line="63" class="Elbrahms\NigerLocation\Tests\LocationRouteTest" classname="Elbrahms.NigerLocation.Tests.LocationRouteTest" assertions="2" time="0.666168"/>
        <testcase name="it_can_access_regions_by_country_id" file="C:\wamp64\www\elbrahmsLaravelPackages\packages\elbrahms\niger-location\tests\LocationRouteTest.php" line="74" class="Elbrahms\NigerLocation\Tests\LocationRouteTest" classname="Elbrahms.NigerLocation.Tests.LocationRouteTest" assertions="2" time="0.742274"/>
        <testcase name="it_can_access_all_departements" file="C:\wamp64\www\elbrahmsLaravelPackages\packages\elbrahms\niger-location\tests\LocationRouteTest.php" line="86" class="Elbrahms\NigerLocation\Tests\LocationRouteTest" classname="Elbrahms.NigerLocation.Tests.LocationRouteTest" assertions="2" time="0.748836"/>
        <testcase name="it_can_access_a_departement_by_id" file="C:\wamp64\www\elbrahmsLaravelPackages\packages\elbrahms\niger-location\tests\LocationRouteTest.php" line="97" class="Elbrahms\NigerLocation\Tests\LocationRouteTest" classname="Elbrahms.NigerLocation.Tests.LocationRouteTest" assertions="2" time="0.759222"/>
        <testcase name="it_can_access_departements_by_region_id" file="C:\wamp64\www\elbrahmsLaravelPackages\packages\elbrahms\niger-location\tests\LocationRouteTest.php" line="108" class="Elbrahms\NigerLocation\Tests\LocationRouteTest" classname="Elbrahms.NigerLocation.Tests.LocationRouteTest" assertions="2" time="0.694350"/>
        <testcase name="it_can_access_departements_by_country_id" file="C:\wamp64\www\elbrahmsLaravelPackages\packages\elbrahms\niger-location\tests\LocationRouteTest.php" line="120" class="Elbrahms\NigerLocation\Tests\LocationRouteTest" classname="Elbrahms.NigerLocation.Tests.LocationRouteTest" assertions="2" time="0.879639"/>
        <testcase name="it_can_access_all_communes" file="C:\wamp64\www\elbrahmsLaravelPackages\packages\elbrahms\niger-location\tests\LocationRouteTest.php" line="133" class="Elbrahms\NigerLocation\Tests\LocationRouteTest" classname="Elbrahms.NigerLocation.Tests.LocationRouteTest" assertions="2" time="0.725166"/>
        <testcase name="it_can_access_a_commune_by_id" file="C:\wamp64\www\elbrahmsLaravelPackages\packages\elbrahms\niger-location\tests\LocationRouteTest.php" line="144" class="Elbrahms\NigerLocation\Tests\LocationRouteTest" classname="Elbrahms.NigerLocation.Tests.LocationRouteTest" assertions="2" time="0.683428"/>
        <testcase name="it_can_access_communes_by_departement_id" file="C:\wamp64\www\elbrahmsLaravelPackages\packages\elbrahms\niger-location\tests\LocationRouteTest.php" line="155" class="Elbrahms\NigerLocation\Tests\LocationRouteTest" classname="Elbrahms.NigerLocation.Tests.LocationRouteTest" assertions="2" time="0.692694"/>
        <testcase name="it_can_access_communes_by_region_id" file="C:\wamp64\www\elbrahmsLaravelPackages\packages\elbrahms\niger-location\tests\LocationRouteTest.php" line="167" class="Elbrahms\NigerLocation\Tests\LocationRouteTest" classname="Elbrahms.NigerLocation.Tests.LocationRouteTest" assertions="2" time="0.703350"/>
        <testcase name="it_can_access_communes_by_country_id" file="C:\wamp64\www\elbrahmsLaravelPackages\packages\elbrahms\niger-location\tests\LocationRouteTest.php" line="180" class="Elbrahms\NigerLocation\Tests\LocationRouteTest" classname="Elbrahms.NigerLocation.Tests.LocationRouteTest" assertions="2" time="0.738343"/>
        <testcase name="it_can_access_all_localites" file="C:\wamp64\www\elbrahmsLaravelPackages\packages\elbrahms\niger-location\tests\LocationRouteTest.php" line="194" class="Elbrahms\NigerLocation\Tests\LocationRouteTest" classname="Elbrahms.NigerLocation.Tests.LocationRouteTest" assertions="2" time="0.688471"/>
        <testcase name="it_can_access_a_localite_by_id" file="C:\wamp64\www\elbrahmsLaravelPackages\packages\elbrahms\niger-location\tests\LocationRouteTest.php" line="205" class="Elbrahms\NigerLocation\Tests\LocationRouteTest" classname="Elbrahms.NigerLocation.Tests.LocationRouteTest" assertions="2" time="0.702314"/>
        <testcase name="it_can_access_localites_by_commune_id" file="C:\wamp64\www\elbrahmsLaravelPackages\packages\elbrahms\niger-location\tests\LocationRouteTest.php" line="216" class="Elbrahms\NigerLocation\Tests\LocationRouteTest" classname="Elbrahms.NigerLocation.Tests.LocationRouteTest" assertions="2" time="0.881864"/>
        <testcase name="it_can_access_localites_by_departement_id" file="C:\wamp64\www\elbrahmsLaravelPackages\packages\elbrahms\niger-location\tests\LocationRouteTest.php" line="229" class="Elbrahms\NigerLocation\Tests\LocationRouteTest" classname="Elbrahms.NigerLocation.Tests.LocationRouteTest" assertions="2" time="0.950168"/>
        <testcase name="it_can_access_localites_by_region_id" file="C:\wamp64\www\elbrahmsLaravelPackages\packages\elbrahms\niger-location\tests\LocationRouteTest.php" line="242" class="Elbrahms\NigerLocation\Tests\LocationRouteTest" classname="Elbrahms.NigerLocation.Tests.LocationRouteTest" assertions="2" time="0.672083"/>
        <testcase name="it_can_access_localites_by_country_id" file="C:\wamp64\www\elbrahmsLaravelPackages\packages\elbrahms\niger-location\tests\LocationRouteTest.php" line="256" class="Elbrahms\NigerLocation\Tests\LocationRouteTest" classname="Elbrahms.NigerLocation.Tests.LocationRouteTest" assertions="2" time="0.778161"/>
      </testsuite>
    </testsuite>
  </testsuite>
</testsuites>
