<?xml version="1.0" encoding="UTF-8"?>
<testsuites>
  <testsuite name="C:\wamp64\www\elbrahmsLaravelPackages\packages\elbrahms\niger-location\phpunit.xml" tests="28" assertions="48" errors="0" failures="0" skipped="0" time="21.467844">
    <testsuite name="Niger Location Test Suite" tests="28" assertions="48" errors="0" failures="0" skipped="0" time="21.467844">
      <testsuite name="Elbrahms\NigerLocation\Tests\ForeignKeyTest" file="C:\wamp64\www\elbrahmsLaravelPackages\packages\elbrahms\niger-location\tests\ForeignKeyTest.php" tests="8" assertions="8" errors="0" failures="0" skipped="0" time="3.396110">
        <testcase name="it_validates_foreign_key_constraint_on_region_country_id" file="C:\wamp64\www\elbrahmsLaravelPackages\packages\elbrahms\niger-location\tests\ForeignKeyTest.php" line="19" class="Elbrahms\NigerLocation\Tests\ForeignKeyTest" classname="Elbrahms.NigerLocation.Tests.ForeignKeyTest" assertions="1" time="0.739270"/>
        <testcase name="it_validates_foreign_key_constraint_on_departement_region_id" file="C:\wamp64\www\elbrahmsLaravelPackages\packages\elbrahms\niger-location\tests\ForeignKeyTest.php" line="27" class="Elbrahms\NigerLocation\Tests\ForeignKeyTest" classname="Elbrahms.NigerLocation.Tests.ForeignKeyTest" assertions="1" time="0.270381"/>
        <testcase name="it_validates_foreign_key_constraint_on_commune_departement_id" file="C:\wamp64\www\elbrahmsLaravelPackages\packages\elbrahms\niger-location\tests\ForeignKeyTest.php" line="35" class="Elbrahms\NigerLocation\Tests\ForeignKeyTest" classname="Elbrahms.NigerLocation.Tests.ForeignKeyTest" assertions="1" time="0.482292"/>
        <testcase name="it_validates_foreign_key_constraint_on_localite_commune_id" file="C:\wamp64\www\elbrahmsLaravelPackages\packages\elbrahms\niger-location\tests\ForeignKeyTest.php" line="43" class="Elbrahms\NigerLocation\Tests\ForeignKeyTest" classname="Elbrahms.NigerLocation.Tests.ForeignKeyTest" assertions="1" time="0.538180"/>
        <testcase name="it_allows_creating_a_region_with_valid_country_id" file="C:\wamp64\www\elbrahmsLaravelPackages\packages\elbrahms\niger-location\tests\ForeignKeyTest.php" line="51" class="Elbrahms\NigerLocation\Tests\ForeignKeyTest" classname="Elbrahms.NigerLocation.Tests.ForeignKeyTest" assertions="1" time="0.435027"/>
        <testcase name="it_allows_creating_a_departement_with_valid_region_id" file="C:\wamp64\www\elbrahmsLaravelPackages\packages\elbrahms\niger-location\tests\ForeignKeyTest.php" line="61" class="Elbrahms\NigerLocation\Tests\ForeignKeyTest" classname="Elbrahms.NigerLocation.Tests.ForeignKeyTest" assertions="1" time="0.301683"/>
        <testcase name="it_allows_creating_a_commune_with_valid_departement_id" file="C:\wamp64\www\elbrahmsLaravelPackages\packages\elbrahms\niger-location\tests\ForeignKeyTest.php" line="71" class="Elbrahms\NigerLocation\Tests\ForeignKeyTest" classname="Elbrahms.NigerLocation.Tests.ForeignKeyTest" assertions="1" time="0.295215"/>
        <testcase name="it_allows_creating_a_localite_with_valid_commune_id" file="C:\wamp64\www\elbrahmsLaravelPackages\packages\elbrahms\niger-location\tests\ForeignKeyTest.php" line="81" class="Elbrahms\NigerLocation\Tests\ForeignKeyTest" classname="Elbrahms.NigerLocation.Tests.ForeignKeyTest" assertions="1" time="0.334062"/>
      </testsuite>
      <testsuite name="Elbrahms\NigerLocation\Tests\LocationRouteTest" file="C:\wamp64\www\elbrahmsLaravelPackages\packages\elbrahms\niger-location\tests\LocationRouteTest.php" tests="20" assertions="40" errors="0" failures="0" skipped="0" time="18.071734">
        <testcase name="it_can_access_all_countries" file="C:\wamp64\www\elbrahmsLaravelPackages\packages\elbrahms\niger-location\tests\LocationRouteTest.php" line="31" class="Elbrahms\NigerLocation\Tests\LocationRouteTest" classname="Elbrahms.NigerLocation.Tests.LocationRouteTest" assertions="2" time="1.148628"/>
        <testcase name="it_can_access_a_country_by_id" file="C:\wamp64\www\elbrahmsLaravelPackages\packages\elbrahms\niger-location\tests\LocationRouteTest.php" line="42" class="Elbrahms\NigerLocation\Tests\LocationRouteTest" classname="Elbrahms.NigerLocation.Tests.LocationRouteTest" assertions="2" time="0.741494"/>
        <testcase name="it_can_access_all_regions" file="C:\wamp64\www\elbrahmsLaravelPackages\packages\elbrahms\niger-location\tests\LocationRouteTest.php" line="53" class="Elbrahms\NigerLocation\Tests\LocationRouteTest" classname="Elbrahms.NigerLocation.Tests.LocationRouteTest" assertions="2" time="0.851271"/>
        <testcase name="it_can_access_a_region_by_id" file="C:\wamp64\www\elbrahmsLaravelPackages\packages\elbrahms\niger-location\tests\LocationRouteTest.php" line="64" class="Elbrahms\NigerLocation\Tests\LocationRouteTest" classname="Elbrahms.NigerLocation.Tests.LocationRouteTest" assertions="2" time="0.825037"/>
        <testcase name="it_can_access_regions_by_country_id" file="C:\wamp64\www\elbrahmsLaravelPackages\packages\elbrahms\niger-location\tests\LocationRouteTest.php" line="75" class="Elbrahms\NigerLocation\Tests\LocationRouteTest" classname="Elbrahms.NigerLocation.Tests.LocationRouteTest" assertions="2" time="0.747195"/>
        <testcase name="it_can_access_all_departements" file="C:\wamp64\www\elbrahmsLaravelPackages\packages\elbrahms\niger-location\tests\LocationRouteTest.php" line="87" class="Elbrahms\NigerLocation\Tests\LocationRouteTest" classname="Elbrahms.NigerLocation.Tests.LocationRouteTest" assertions="2" time="0.731456"/>
        <testcase name="it_can_access_a_departement_by_id" file="C:\wamp64\www\elbrahmsLaravelPackages\packages\elbrahms\niger-location\tests\LocationRouteTest.php" line="98" class="Elbrahms\NigerLocation\Tests\LocationRouteTest" classname="Elbrahms.NigerLocation.Tests.LocationRouteTest" assertions="2" time="0.802686"/>
        <testcase name="it_can_access_departements_by_region_id" file="C:\wamp64\www\elbrahmsLaravelPackages\packages\elbrahms\niger-location\tests\LocationRouteTest.php" line="109" class="Elbrahms\NigerLocation\Tests\LocationRouteTest" classname="Elbrahms.NigerLocation.Tests.LocationRouteTest" assertions="2" time="1.058558"/>
        <testcase name="it_can_access_departements_by_country_id" file="C:\wamp64\www\elbrahmsLaravelPackages\packages\elbrahms\niger-location\tests\LocationRouteTest.php" line="121" class="Elbrahms\NigerLocation\Tests\LocationRouteTest" classname="Elbrahms.NigerLocation.Tests.LocationRouteTest" assertions="2" time="0.866794"/>
        <testcase name="it_can_access_all_communes" file="C:\wamp64\www\elbrahmsLaravelPackages\packages\elbrahms\niger-location\tests\LocationRouteTest.php" line="134" class="Elbrahms\NigerLocation\Tests\LocationRouteTest" classname="Elbrahms.NigerLocation.Tests.LocationRouteTest" assertions="2" time="0.934135"/>
        <testcase name="it_can_access_a_commune_by_id" file="C:\wamp64\www\elbrahmsLaravelPackages\packages\elbrahms\niger-location\tests\LocationRouteTest.php" line="145" class="Elbrahms\NigerLocation\Tests\LocationRouteTest" classname="Elbrahms.NigerLocation.Tests.LocationRouteTest" assertions="2" time="0.932813"/>
        <testcase name="it_can_access_communes_by_departement_id" file="C:\wamp64\www\elbrahmsLaravelPackages\packages\elbrahms\niger-location\tests\LocationRouteTest.php" line="156" class="Elbrahms\NigerLocation\Tests\LocationRouteTest" classname="Elbrahms.NigerLocation.Tests.LocationRouteTest" assertions="2" time="0.770034"/>
        <testcase name="it_can_access_communes_by_region_id" file="C:\wamp64\www\elbrahmsLaravelPackages\packages\elbrahms\niger-location\tests\LocationRouteTest.php" line="168" class="Elbrahms\NigerLocation\Tests\LocationRouteTest" classname="Elbrahms.NigerLocation.Tests.LocationRouteTest" assertions="2" time="0.873809"/>
        <testcase name="it_can_access_communes_by_country_id" file="C:\wamp64\www\elbrahmsLaravelPackages\packages\elbrahms\niger-location\tests\LocationRouteTest.php" line="181" class="Elbrahms\NigerLocation\Tests\LocationRouteTest" classname="Elbrahms.NigerLocation.Tests.LocationRouteTest" assertions="2" time="0.921301"/>
        <testcase name="it_can_access_all_localites" file="C:\wamp64\www\elbrahmsLaravelPackages\packages\elbrahms\niger-location\tests\LocationRouteTest.php" line="195" class="Elbrahms\NigerLocation\Tests\LocationRouteTest" classname="Elbrahms.NigerLocation.Tests.LocationRouteTest" assertions="2" time="1.182600"/>
        <testcase name="it_can_access_a_localite_by_id" file="C:\wamp64\www\elbrahmsLaravelPackages\packages\elbrahms\niger-location\tests\LocationRouteTest.php" line="206" class="Elbrahms\NigerLocation\Tests\LocationRouteTest" classname="Elbrahms.NigerLocation.Tests.LocationRouteTest" assertions="2" time="0.914399"/>
        <testcase name="it_can_access_localites_by_commune_id" file="C:\wamp64\www\elbrahmsLaravelPackages\packages\elbrahms\niger-location\tests\LocationRouteTest.php" line="217" class="Elbrahms\NigerLocation\Tests\LocationRouteTest" classname="Elbrahms.NigerLocation.Tests.LocationRouteTest" assertions="2" time="0.977267"/>
        <testcase name="it_can_access_localites_by_departement_id" file="C:\wamp64\www\elbrahmsLaravelPackages\packages\elbrahms\niger-location\tests\LocationRouteTest.php" line="230" class="Elbrahms\NigerLocation\Tests\LocationRouteTest" classname="Elbrahms.NigerLocation.Tests.LocationRouteTest" assertions="2" time="1.046723"/>
        <testcase name="it_can_access_localites_by_region_id" file="C:\wamp64\www\elbrahmsLaravelPackages\packages\elbrahms\niger-location\tests\LocationRouteTest.php" line="243" class="Elbrahms\NigerLocation\Tests\LocationRouteTest" classname="Elbrahms.NigerLocation.Tests.LocationRouteTest" assertions="2" time="0.880525"/>
        <testcase name="it_can_access_localites_by_country_id" file="C:\wamp64\www\elbrahmsLaravelPackages\packages\elbrahms\niger-location\tests\LocationRouteTest.php" line="257" class="Elbrahms\NigerLocation\Tests\LocationRouteTest" classname="Elbrahms.NigerLocation.Tests.LocationRouteTest" assertions="2" time="0.865009"/>
      </testsuite>
    </testsuite>
  </testsuite>
</testsuites>
